Wo/proguard/seeds.txt
net.youmi.android.b.a.e.a.b.i
net.youmi.android.b.a.e.a.b.j
net.youmi.android.b.a.e.a.b.j: net.youmi.android.b.a.e.a.b.i a
net.youmi.android.b.a.e.a.b.j: net.youmi.android.b.a.e.a.a.a b
net.youmi.android.b.a.e.a.b.j: j()
net.youmi.android.b.a.e.a.b.j: void a(net.youmi.android.b.a.e.a.b.i)
net.youmi.android.b.a.e.a.b.j: void a(net.youmi.android.b.a.e.a.a.a)
net.youmi.android.b.a.e.a.b.j: java.lang.String a(org.json.JSONObject)
net.youmi.android.b.a.e.a.b.j: org.json.JSONObject a(int)
net.youmi.android.b.a.e.a.b.j: java.lang.String b(int)
net.youmi.android.b.a.e.a.b.k
net.youmi.android.b.a.e.a.b.k: k()
net.youmi.android.b.a.e.a.b.k: java.lang.String a(net.youmi.android.b.a.e.a.b.h,net.youmi.android.b.a.e.a.b.f,java.lang.String)
net.youmi.android.b.a.e.a.b.k: org.json.JSONObject a(net.youmi.android.b.a.e.a.b.h,net.youmi.android.b.a.e.a.b.f)
net.youmi.android.b.a.e.a.b.l
net.youmi.android.b.a.e.a.b.l: l()
net.youmi.android.b.a.e.a.b.l: java.lang.String a(net.youmi.android.b.a.e.a.b.h,net.youmi.android.b.a.e.a.b.f,java.lang.String)
net.youmi.android.b.a.e.a.b.l: org.json.JSONObject a(net.youmi.android.b.a.e.a.b.h,net.youmi.android.b.a.e.a.b.f,org.json.JSONObject)
net.youmi.android.b.a.e.b.a
net.youmi.android.b.a.e.b.a: java.lang.String a
net.youmi.android.b.a.e.b.a: java.lang.String b
net.youmi.android.b.a.e.b.a: long c
net.youmi.android.b.a.e.b.a: boolean d
net.youmi.android.b.a.e.b.a: a(java.lang.String)
net.youmi.android.b.a.e.b.a: boolean a()
net.youmi.android.b.a.e.b.a: java.lang.String l()
net.youmi.android.b.a.e.b.a: boolean a(java.lang.String)
net.youmi.android.b.a.e.b.a: void b(java.lang.String)
net.youmi.android.b.a.e.b.a: java.lang.String b()
net.youmi.android.b.a.e.b.a: void a(long)
net.youmi.android.b.a.e.b.a: long m()
net.youmi.android.b.a.e.b.a: java.lang.String n()
net.youmi.android.b.a.e.b.b
net.youmi.android.b.a.e.b.b: long a
net.youmi.android.b.a.e.b.b: java.lang.String b
net.youmi.android.b.a.e.b.b: java.lang.String c
net.youmi.android.b.a.e.b.b: b(java.lang.String)
net.youmi.android.b.a.e.b.b: b(java.lang.String,long)
net.youmi.android.b.a.e.b.b: void b(java.lang.String)
net.youmi.android.b.a.e.b.b: java.lang.String a()
net.youmi.android.b.a.e.b.b: java.lang.String l()
net.youmi.android.b.a.e.b.b: boolean a(java.lang.String)
net.youmi.android.b.a.e.b.b: long m()
net.youmi.android.b.a.e.b.b: java.lang.String n()
net.youmi.android.b.a.e.b.c
net.youmi.android.b.a.e.b.c: net.youmi.android.b.b.c.i a
net.youmi.android.b.a.e.b.c: net.youmi.android.b.b.c.i a(android.content.Context)
net.youmi.android.b.a.e.b.c: boolean a(android.content.Context,java.lang.String,java.lang.String,long)
net.youmi.android.b.a.e.b.c: java.lang.String a(android.content.Context,java.lang.String,java.lang.String)
net.youmi.android.b.a.e.b.d
net.youmi.android.b.a.e.b.d: net.youmi.android.b.a.e.b.d a
net.youmi.android.b.a.e.b.d: d(android.content.Context)
net.youmi.android.b.a.e.b.d: net.youmi.android.b.a.e.b.d a(android.content.Context)
net.youmi.android.b.a.e.b.d: net.youmi.android.b.a.e.b.a a(java.lang.String)
net.youmi.android.b.a.e.b.d: boolean a(java.lang.String,java.lang.String,long)
net.youmi.android.b.a.e.b.d: boolean a(java.util.List)
net.youmi.android.b.a.e.b.d: boolean b(java.lang.String)
net.youmi.android.b.a.e.b.e
net.youmi.android.b.a.e.b.e: net.youmi.android.b.b.c.h a
net.youmi.android.b.a.e.b.e: net.youmi.android.b.b.c.h a(android.content.Context)
net.youmi.android.b.a.e.b.e: boolean a(android.content.Context,java.lang.String,java.lang.String,long)
net.youmi.android.b.a.e.b.e: java.lang.String a(android.content.Context,java.lang.String)
net.youmi.android.b.a.e.c.a.a
net.youmi.android.b.a.e.c.a.a: a()
net.youmi.android.b.a.e.c.a.a: org.json.JSONObject a(net.youmi.android.b.a.e.a.b.h,net.youmi.android.b.a.e.a.b.f,org.json.JSONObject)
net.youmi.android.b.a.e.c.a.b
net.youmi.android.b.a.e.c.a.b: b()
net.youmi.android.b.a.e.c.a.b: org.json.JSONObject a(net.youmi.android.b.a.e.a.b.h,net.youmi.android.b.a.e.a.b.f,org.json.JSONObject)