Wo/proguard/mapping.txt
com.azero.utils.MNetUtil$netType -> com.azero.utils.MNetUtil$netType:
    com.azero.utils.MNetUtil$netType wifi -> wifi
    com.azero.utils.MNetUtil$netType CMNET -> CMNET
    com.azero.utils.MNetUtil$netType CMWAP -> CMWAP
    com.azero.utils.MNetUtil$netType noneNet -> noneNet
    com.azero.utils.MNetUtil$netType[] ENUM$VALUES -> ENUM$VALUES
    com.azero.utils.MNetUtil$netType[] values() -> values
    com.azero.utils.MNetUtil$netType valueOf(java.lang.String) -> valueOf
com.azero.utils.MObileTool -> com.azero.utils.MObileTool:
    java.lang.String regMobileStr -> regMobileStr
    java.lang.String regMobile3GStr -> regMobile3GStr
    java.lang.String regUnicomStr -> regUnicomStr
    java.lang.String regUnicom3GStr -> regUnicom3GStr
    java.lang.String regTelecomStr -> regTelecomStr
    java.lang.String regTelocom3GStr -> regTelocom3GStr
    java.lang.String regPhoneString -> regPhoneString
    java.lang.String mobile -> mobile
    int facilitatorType -> facilitatorType
    boolean isLawful -> isLawful
    boolean is3G -> is3G
    void setMobile(java.lang.String) -> setMobile
    java.lang.String getMobile() -> getMobile
    int getFacilitatorType() -> getFacilitatorType
    boolean isLawful() -> isLawful
    boolean isIs3G() -> isIs3G
    void setFacilitatorType(int) -> setFacilitatorType
    void setLawful(boolean) -> setLawful
    void setIs3G(boolean) -> setIs3G
com.azero.utils.MPrint -> com.azero.utils.MPrint:
    java.lang.String identifying -> identifying
    void print(java.lang.Object) -> print
    void print(java.lang.Object[]) -> print
    void print(java.lang.Object,java.lang.Object,java.lang.Object[]) -> print
com.azero.utils.MToast -> com.azero.utils.MToast:
    void show(android.content.Context,int) -> show
    void show(android.content.Context,int,int) -> show
    void show(android.content.Context,java.lang.CharSequence) -> show
    void show(android.content.Context,java.lang.CharSequence,int) -> show
    void show(android.content.Context,int,java.lang.Object[]) -> show
    void show(android.content.Context,java.lang.String,java.lang.Object[]) -> show
    void show(android.content.Context,int,int,java.lang.Object[]) -> show
    void show(android.content.Context,java.lang.String,int,java.lang.Object[]) -> show
com.azero.utils.MTools -> com.azero.utils.MTools:
    java.lang.String subString(java.lang.String,int) -> subString
    java.lang.String getChinese(java.lang.String) -> getChinese
    java.lang.String getImgStr(java.lang.String) -> getImgStr
    boolean compareDate(java.lang.String,java.lang.String) -> compareDate
    java.lang.Boolean sendSms(android.content.Context,java.lang.String) -> sendSms
    java.lang.String getWifiIp(android.content.Context) -> getWifiIp
    java.lang.String intToIp(int) -> intToIp
    java.lang.String getGPRSIp() -> getGPRSIp
    java.lang.Boolean sendMail(android.content.Context,java.lang.String,java.lang.String) -> sendMail
    java.lang.String MD5(java.lang.String) -> MD5
    java.lang.String getNativePhoneNumber(android.content.Context) -> getNativePhoneNumber
    java.lang.String getProvidersName(android.content.Context) -> getProvidersName
    java.lang.String getIMSI(android.content.Context) -> getIMSI
    java.lang.String getMacAddress(android.content.Context) -> getMacAddress
com.azero.utils.MVersion -> com.azero.utils.MVersion:
    boolean egt_1_6() -> egt_1_6
    boolean egt_2_0() -> egt_2_0
    boolean egt_2_2() -> egt_2_2
    boolean egt_2_3() -> egt_2_3
    boolean egt_3_1() -> egt_3_1
    boolean egt_3_1_1() -> egt_3_1_1
    boolean egt_4_0() -> egt_4_0